<?xml version="1.0" encoding="UTF-8"?>
<!-- Generated by org.testng.reporters.JUnitReportReporter -->
<testsuite skipped="0" hostname="DESKTOP-5KR3QEN" name="Com.LoginTest.Test_001" tests="2" failures="0" timestamp="2022-07-11T20:58:07 IST" time="213.810" errors="0">
  <testcase name="verifyLoginPage" time="171.643" classname="Com.LoginTest.Test_001"/>
  <system-out/>
  <testcase name="verifyLoginPage" time="42.167" classname="Com.LoginTest.Test_001"/>
  <system-out/>
</testsuite> <!-- Com.LoginTest.Test_001 -->
